TN:
SF:controllers/authController.js
FN:9,(anonymous_0)
FN:32,(anonymous_1)
FNF:2
FNH:2
FNDA:4,(anonymous_0)
FNDA:5,(anonymous_1)
DA:1,1
DA:2,1
DA:3,1
DA:4,1
DA:6,1
DA:9,1
DA:10,4
DA:11,4
DA:12,4
DA:13,1
DA:16,3
DA:17,2
DA:18,1
DA:21,1
DA:22,1
DA:24,1
DA:26,1
DA:27,1
DA:32,1
DA:33,5
DA:34,5
DA:35,5
DA:36,1
DA:39,4
DA:40,3
DA:41,1
DA:44,2
DA:45,2
DA:46,1
DA:49,1
DA:50,1
DA:52,1
DA:53,1
DA:57,1
LF:34
LH:34
BRDA:12,0,0,1
BRDA:12,0,1,3
BRDA:12,1,0,4
BRDA:12,1,1,3
BRDA:12,1,2,3
BRDA:17,2,0,1
BRDA:17,2,1,1
BRDA:35,3,0,1
BRDA:35,3,1,4
BRDA:35,4,0,5
BRDA:35,4,1,4
BRDA:40,5,0,1
BRDA:40,5,1,2
BRDA:45,6,0,1
BRDA:45,6,1,1
BRF:15
BRH:15
end_of_record
TN:
SF:controllers/commentController.js
FN:3,(anonymous_0)
FN:31,(anonymous_1)
FN:41,(anonymous_2)
FN:54,(anonymous_3)
FNF:4
FNH:3
FNDA:4,(anonymous_0)
FNDA:0,(anonymous_1)
FNDA:3,(anonymous_2)
FNDA:3,(anonymous_3)
DA:1,1
DA:3,1
DA:4,4
DA:5,4
DA:6,4
DA:8,4
DA:9,2
DA:10,2
DA:13,2
DA:14,0
DA:15,0
DA:18,2
DA:24,1
DA:26,1
DA:27,1
DA:31,1
DA:32,0
DA:33,0
DA:34,0
DA:36,0
DA:37,0
DA:41,1
DA:42,3
DA:43,3
DA:44,2
DA:45,1
DA:47,1
DA:49,1
DA:50,1
DA:54,1
DA:55,3
DA:56,3
DA:57,2
DA:58,1
DA:60,1
DA:62,1
DA:63,1
DA:67,1
LF:38
LH:31
BRDA:8,0,0,2
BRDA:8,0,1,2
BRDA:8,1,0,4
BRDA:8,1,1,2
BRDA:13,2,0,0
BRDA:13,2,1,2
BRDA:13,3,0,2
BRDA:13,3,1,2
BRDA:44,4,0,1
BRDA:44,4,1,1
BRDA:57,5,0,1
BRDA:57,5,1,1
BRF:12
BRH:11
end_of_record
TN:
SF:controllers/postsController.js
FN:4,(anonymous_0)
FN:24,(anonymous_1)
FN:34,(anonymous_2)
FN:46,(anonymous_3)
FN:58,(anonymous_4)
FN:70,(anonymous_5)
FNF:6
FNH:5
FNDA:0,(anonymous_0)
FNDA:2,(anonymous_1)
FNDA:3,(anonymous_2)
FNDA:3,(anonymous_3)
FNDA:3,(anonymous_4)
FNDA:2,(anonymous_5)
DA:1,1
DA:5,0
DA:6,0
DA:7,0
DA:8,0
DA:9,0
DA:11,0
DA:17,0
DA:19,0
DA:20,0
DA:25,2
DA:26,2
DA:27,1
DA:29,1
DA:30,1
DA:35,3
DA:36,3
DA:37,2
DA:38,1
DA:40,1
DA:42,1
DA:47,3
DA:48,3
DA:49,2
DA:50,1
DA:52,1
DA:54,1
DA:59,3
DA:60,3
DA:61,2
DA:62,1
DA:64,1
DA:66,1
DA:71,2
DA:72,2
DA:73,2
DA:74,0
DA:77,2
DA:78,1
DA:80,1
DA:81,1
DA:86,1
LF:42
LH:32
BRDA:8,0,0,0
BRDA:8,0,1,0
BRDA:8,1,0,0
BRDA:8,1,1,0
BRDA:8,1,2,0
BRDA:37,2,0,1
BRDA:37,2,1,1
BRDA:49,3,0,1
BRDA:49,3,1,1
BRDA:61,4,0,1
BRDA:61,4,1,1
BRDA:73,5,0,0
BRDA:73,5,1,2
BRF:13
BRH:7
end_of_record
TN:
SF:dao/commentDao.js
FN:4,(anonymous_0)
FN:9,(anonymous_1)
FN:13,(anonymous_2)
FN:17,(anonymous_3)
FN:21,(anonymous_4)
FN:25,(anonymous_5)
FNF:6
FNH:6
FNDA:1,(anonymous_0)
FNDA:1,(anonymous_1)
FNDA:1,(anonymous_2)
FNDA:1,(anonymous_3)
FNDA:1,(anonymous_4)
FNDA:1,(anonymous_5)
DA:1,2
DA:5,1
DA:6,1
DA:10,1
DA:14,1
DA:18,1
DA:22,1
DA:26,1
DA:30,2
LF:9
LH:9
BRF:0
BRH:0
end_of_record
TN:
SF:dao/postsDao.js
FN:5,(anonymous_0)
FN:10,(anonymous_1)
FN:14,(anonymous_2)
FN:18,(anonymous_3)
FN:22,(anonymous_4)
FN:26,(anonymous_5)
FNF:6
FNH:5
FNDA:1,(anonymous_0)
FNDA:0,(anonymous_1)
FNDA:1,(anonymous_2)
FNDA:1,(anonymous_3)
FNDA:1,(anonymous_4)
FNDA:1,(anonymous_5)
DA:1,3
DA:2,3
DA:6,1
DA:7,1
DA:11,0
DA:15,1
DA:19,1
DA:23,1
DA:27,1
DA:31,3
LF:10
LH:9
BRF:0
BRH:0
end_of_record
TN:
SF:dao/userDao.js
FN:4,(anonymous_0)
FN:12,(anonymous_1)
FN:20,(anonymous_2)
FN:28,(anonymous_3)
FN:36,(anonymous_4)
FNF:5
FNH:0
FNDA:0,(anonymous_0)
FNDA:0,(anonymous_1)
FNDA:0,(anonymous_2)
FNDA:0,(anonymous_3)
FNDA:0,(anonymous_4)
DA:1,1
DA:5,0
DA:6,0
DA:8,0
DA:13,0
DA:14,0
DA:16,0
DA:21,0
DA:22,0
DA:24,0
DA:29,0
DA:30,0
DA:32,0
DA:37,0
DA:38,0
DA:40,0
DA:45,1
LF:17
LH:2
BRF:0
BRH:0
end_of_record
TN:
SF:models/comment.js
FNF:0
FNH:0
DA:1,2
DA:2,2
DA:4,2
DA:11,2
DA:12,2
LF:5
LH:5
BRF:0
BRH:0
end_of_record
TN:
SF:models/posts.js
FNF:0
FNH:0
DA:1,3
DA:3,3
DA:12,3
DA:14,3
DA:21,3
LF:5
LH:5
BRF:0
BRH:0
end_of_record
TN:
SF:models/user.js
FNF:0
FNH:0
DA:1,1
DA:3,1
DA:9,1
LF:3
LH:3
BRF:0
BRH:0
end_of_record
